0 info it worked if it ends with ok
1 verbose cli [ '/usr/local/bin/node', '/usr/local/bin/npm', 'publish', '.' ]
2 info using npm@1.2.25
3 info using node@v0.10.10
4 verbose publish [ '.' ]
5 verbose read json /home/developer/workspace/simple-loggly/package.json
6 warn package.json simple-loggly@1.0.0 No readme data.
7 verbose cache add [ '.', null ]
8 verbose cache add name=undefined spec="." args=[".",null]
9 verbose parsed url { protocol: null,
9 verbose parsed url   slashes: null,
9 verbose parsed url   auth: null,
9 verbose parsed url   host: null,
9 verbose parsed url   port: null,
9 verbose parsed url   hostname: null,
9 verbose parsed url   hash: null,
9 verbose parsed url   search: null,
9 verbose parsed url   query: null,
9 verbose parsed url   pathname: '.',
9 verbose parsed url   path: '.',
9 verbose parsed url   href: '.' }
10 silly lockFile 3a52ce78- .
11 verbose lock . /home/developer/.npm/3a52ce78-.lock
12 silly lockFile 3a52ce78- .
13 error addLocal Could not install .
14 error Error: EACCES, open '/home/developer/.npm/3a52ce78-.lock'
14 error  { [Error: EACCES, open '/home/developer/.npm/3a52ce78-.lock']
14 error   errno: 3,
14 error   code: 'EACCES',
14 error   path: '/home/developer/.npm/3a52ce78-.lock' }
15 error Please try running this command again as root/Administrator.
16 error System Linux 3.11.0-12-generic
17 error command "/usr/local/bin/node" "/usr/local/bin/npm" "publish" "."
18 error cwd /home/developer/workspace/simple-loggly
19 error node -v v0.10.10
20 error npm -v 1.2.25
21 error path /home/developer/.npm/3a52ce78-.lock
22 error code EACCES
23 error errno 3
24 error stack Error: EACCES, open '/home/developer/.npm/3a52ce78-.lock'
25 verbose exit [ 3, true ]
